<?xml version="1.0" encoding="UTF-8"?>
<!-- Generated by org.testng.reporters.JUnitReportReporter -->
<testsuite hostname="GHBPVY01084" failures="0" tests="13" name="saucedemo.GenproTask" time="4.673" errors="0" timestamp="2023-06-14T15:36:21 IST" skipped="0">
  <testcase classname="saucedemo.GenproTask" name="verifytitle" time="0.013"/>
  <system-out/>
  <testcase classname="saucedemo.GenproTask" name="verifyurl" time="0.000"/>
  <system-out/>
  <testcase classname="saucedemo.GenproTask" name="loginByUser" time="0.266"/>
  <system-out/>
  <testcase classname="saucedemo.GenproTask" name="priceFilter" time="0.179"/>
  <system-out/>
  <testcase classname="saucedemo.GenproTask" name="addingItemsToCart" time="0.252"/>
  <system-out/>
  <testcase classname="saucedemo.GenproTask" name="viewcartList" time="0.049"/>
  <system-out/>
  <testcase classname="saucedemo.GenproTask" name="removeCartItems" time="0.153"/>
  <system-out/>
  <testcase classname="saucedemo.GenproTask" name="checkout" time="0.058"/>
  <system-out/>
  <testcase classname="saucedemo.GenproTask" name="customerInfo_EmptyDataValidation" time="0.177"/>
  <system-out/>
  <testcase classname="saucedemo.GenproTask" name="customerInfo_validData" time="0.209"/>
  <system-out/>
  <testcase classname="saucedemo.GenproTask" name="checkoutCompletedValidation" time="0.063"/>
  <system-out/>
  <testcase classname="saucedemo.GenproTask" name="backToHomePage" time="3.071"/>
  <system-out/>
  <testcase classname="saucedemo.GenproTask" name="logout" time="0.183"/>
  <system-out/>
</testsuite> <!-- saucedemo.GenproTask -->
