<?xml version="1.0" encoding="UTF-8"?>
<!-- Generated by org.testng.reporters.JUnitReportReporter -->
<testsuite hostname="GHBPVY01084" failures="0" tests="2" name="saucedemo.LoginPage" time="15.014" errors="0" timestamp="2023-06-14T15:36:21 IST" skipped="0">
  <testcase classname="saucedemo.LoginPage" name="loginPageValidUser" time="7.737"/>
  <system-out/>
  <testcase classname="saucedemo.LoginPage" name="loginPageLockedUser" time="7.277"/>
  <system-out/>
</testsuite> <!-- saucedemo.LoginPage -->
